C51 COMPILER V9.01   AT24C02                                                               04/02/2017 12:20:51 PAGE 1   


C51 COMPILER V9.01, COMPILATION OF MODULE AT24C02
OBJECT MODULE PLACED IN at24c02.OBJ
COMPILER INVOKED BY: E:\keil4-C51\C51\BIN\C51.EXE at24c02.c BROWSE DEBUG OBJECTEXTEND

line level    source

   1          #include <config.h>
   2          #include <iic.h>
   3          #include <at24c02.h>
   4          #include <delay.h>
   5          
   6          void EEPROM_Write(uchar Address, uchar Data)
   7          {
   8   1              EA = 0;
   9   1              IIC_Start();
  10   1              IIC_SendByte(SlaveAddrW);
  11   1              IIC_WaitAck();
  12   1              IIC_SendByte(Address);
  13   1              IIC_WaitAck();
  14   1              IIC_SendByte(Data);
  15   1              IIC_WaitAck();
  16   1              IIC_Stop();
  17   1      //      Delay_ms(10);
  18   1              EA = 1;
  19   1      }
  20          
  21          uchar EEPROM_Read(uchar Address)
  22          {
  23   1              uchar Data;
  24   1      
  25   1              EA = 0;
  26   1              IIC_Start();
  27   1              IIC_SendByte(SlaveAddrW);
  28   1              IIC_WaitAck();
  29   1              IIC_SendByte(Address);
  30   1              IIC_WaitAck();
  31   1              IIC_Start();
  32   1              IIC_SendByte(SlaveAddrR);
  33   1              IIC_WaitAck();
  34   1              Data = IIC_RecByte();
  35   1              IIC_Ack(0);
  36   1              IIC_Stop();
  37   1              EA = 1; 
  38   1              
  39   1              return Data;    
  40   1      }


MODULE INFORMATION:   STATIC OVERLAYABLE
   CODE SIZE        =     91    ----
   CONSTANT SIZE    =   ----    ----
   XDATA SIZE       =   ----    ----
   PDATA SIZE       =   ----    ----
   DATA SIZE        =   ----       4
   IDATA SIZE       =   ----    ----
   BIT SIZE         =   ----    ----
END OF MODULE INFORMATION.


C51 COMPILATION COMPLETE.  0 WARNING(S),  0 ERROR(S)
