C51 COMPILER V9.01   EXTI                                                                  04/02/2017 12:20:50 PAGE 1   


C51 COMPILER V9.01, COMPILATION OF MODULE EXTI
OBJECT MODULE PLACED IN exti.OBJ
COMPILER INVOKED BY: E:\keil4-C51\C51\BIN\C51.EXE exti.c BROWSE DEBUG OBJECTEXTEND

line level    source

   1          #include <config.h>
   2          #include <exti.h>
   3          #include <display.h>
   4          #include <key.h>
   5          #include <frecounter.h>
   6          
   7          
   8          uint SoftTimer0Cnt = 0;
   9          bit SoftTimer0Over = 0;
  10          
  11          uint SoftTimer1Cnt = 0;
  12          bit SoftTimer1Over = 0;
  13          
  14          uint SoftTimer2Cnt = 0;
  15          bit SoftTimer2Over = 0;
  16          
  17          uint SoftTimer3Cnt = 0;
  18          bit SoftTimer3Over = 0;
  19          
  20          uint SoftTimer4Cnt = 0;
  21          bit SoftTimer4Over = 0;
  22          
  23          void Timer0Init(void)           //1毫秒@12.000MHz
  24          {
  25   1              AUXR |= 0x80;           //定时器时钟1T模式
  26   1              TMOD &= 0xF0;           //设置定时器模式
  27   1              TL0 = 0x20;             //设置定时初值
  28   1              TH0 = 0xD1;             //设置定时初值
  29   1              TF0 = 0;                //清除TF0标志
  30   1              TR0 = 1;                //定时器0开始计时 
  31   1      }
  32          
  33          
  34          
  35          void time0_isr() interrupt 1{
  36   1              display();
  37   1              KeyScan();
  38   1              FreCntScan();
  39   1      
  40   1              if(SoftTimer0Cnt)                //软件定时器0运行处理
  41   1              {
  42   2                      SoftTimer0Cnt--;
  43   2                      if(SoftTimer0Cnt==0)
  44   2                              SoftTimer0Over=1;
  45   2              }       
  46   1              if(SoftTimer1Cnt)                //软件定时器1运行处理
  47   1              {
  48   2                      SoftTimer1Cnt--;
  49   2                      if(SoftTimer1Cnt==0)
  50   2                              SoftTimer1Over=1;
  51   2              }
  52   1              if(SoftTimer2Cnt)                //软件定时器2运行处理
  53   1              {
  54   2                      SoftTimer2Cnt--;
  55   2                      if(SoftTimer2Cnt==0)
C51 COMPILER V9.01   EXTI                                                                  04/02/2017 12:20:50 PAGE 2   

  56   2                              SoftTimer2Over=1;
  57   2              }
  58   1              if(SoftTimer3Cnt)                //软件定时器3运行处理
  59   1              {
  60   2                      SoftTimer3Cnt--;
  61   2                      if(SoftTimer3Cnt==0)
  62   2                              SoftTimer3Over=1;
  63   2              }       
  64   1              if(SoftTimer4Cnt)                //软件定时器4运行处理
  65   1              {
  66   2                      SoftTimer4Cnt--;
  67   2                      if(SoftTimer4Cnt==0)
  68   2                              SoftTimer4Over=1;
  69   2              }                       
  70   1      }


MODULE INFORMATION:   STATIC OVERLAYABLE
   CODE SIZE        =    192    ----
   CONSTANT SIZE    =   ----    ----
   XDATA SIZE       =   ----    ----
   PDATA SIZE       =   ----    ----
   DATA SIZE        =     10    ----
   IDATA SIZE       =   ----    ----
   BIT SIZE         =      5    ----
END OF MODULE INFORMATION.


C51 COMPILATION COMPLETE.  0 WARNING(S),  0 ERROR(S)
