C51 COMPILER V9.01   USAR                                                                  04/07/2017 11:35:04 PAGE 1   


C51 COMPILER V9.01, COMPILATION OF MODULE USAR
OBJECT MODULE PLACED IN usar.OBJ
COMPILER INVOKED BY: E:\keil4-C51\C51\BIN\C51.EXE usar.c BROWSE DEBUG OBJECTEXTEND

line level    source

   1          #include <config.h>
   2          #include <usar.h>
   3          
   4          bit busy = 0;
   5          bit uart_get_flag = 0;
   6          char uart_get_data = 0;
   7          
   8          void uart_isr() interrupt 4{
   9   1              if(RI){
  10   2                      RI = 0;
  11   2                      uart_get_data = SBUF;
  12   2                      uart_get_flag = 1;
  13   2              }
  14   1              if(TI){
  15   2                      TI = 0;
  16   2                      busy = 0;
  17   2              }
  18   1      }
  19          
  20          void SendData(char dat){
  21   1              while(busy);
  22   1              busy = 1;
  23   1              SBUF = dat;
  24   1      }
  25          
  26          void SendString(char *s){
  27   1              while(*s){
  28   2                      SendData(*s++);
  29   2              }
  30   1      }
  31          
  32          void UartInit(void)             //9600bps@11.0592MHz
  33          {
  34   1              SCON = 0x50;            //8位数据,可变波特率
  35   1              AUXR |= 0x40;           //定时器1时钟为Fosc,即1T
  36   1              AUXR &= 0xFE;           //串口1选择定时器1为波特率发生器
  37   1              TMOD &= 0x0F;           //设定定时器1为16位自动重装方式
  38   1              TL1 = 0xE0;             //设定定时初值
  39   1              TH1 = 0xFE;             //设定定时初值
  40   1              ET1 = 0;                //禁止定时器1中断
  41   1              TR1 = 1;                //启动定时器1
  42   1      }


MODULE INFORMATION:   STATIC OVERLAYABLE
   CODE SIZE        =     86    ----
   CONSTANT SIZE    =   ----    ----
   XDATA SIZE       =   ----    ----
   PDATA SIZE       =   ----    ----
   DATA SIZE        =      1       3
   IDATA SIZE       =   ----    ----
   BIT SIZE         =      2    ----
END OF MODULE INFORMATION.


C51 COMPILATION COMPLETE.  0 WARNING(S),  0 ERROR(S)
