C51 COMPILER V9.01   WAVE                                                                  04/07/2017 11:35:04 PAGE 1   


C51 COMPILER V9.01, COMPILATION OF MODULE WAVE
OBJECT MODULE PLACED IN wave.OBJ
COMPILER INVOKED BY: E:\keil4-C51\C51\BIN\C51.EXE wave.c BROWSE DEBUG OBJECTEXTEND

line level    source

   1          #include <config.h>
   2          #include "Wave.h"
   3          
   4          uint Distance_Get(void)
   5          {
   6   1              uint Distance;
   7   1              uchar Count = 0;
   8   1      
   9   1      //      EA = 0;
  10   1              RX = 1;
  11   1              TR1 = 1;
  12   1              Send_Wave();            
  13   1              while (RX && !TF1);
  14   1              TR1 = 0;
  15   1              if (TF1)
  16   1              {
  17   2                      TF1 = 0;
  18   2                      Distance = 0;
  19   2              }
  20   1              else
  21   1              {
  22   2                      Distance = TH1;
  23   2                      Distance <<= 8;
  24   2                      Distance |= TL1;
  25   2                      Distance = Distance * 0.17;     //·Å´ó1000±¶    
  26   2              }
  27   1              TH1 = TL1 = 0;
  28   1      //      EA = 1;
  29   1              
  30   1              return Distance;        
  31   1      }
  32          void Init_Timer1(void)
  33          {
  34   1              TMOD |= 0x10;
  35   1              TH1 = TL1 = 0;
  36   1      }
  37          
  38          void Send_Wave(void)
  39          {
  40   1              uchar i;
  41   1      
  42   1              for (i = 0; i < 8; i++)
  43   1              {
  44   2                      TX = 1;
  45   2                      Delay12us();
  46   2                      TX = 0;
  47   2                      Delay12us();
  48   2              }
  49   1      }
  50          
  51          void Delay12us()                //@11.0592MHz
  52          {
  53   1              unsigned char i;
  54   1      
  55   1              _nop_();
C51 COMPILER V9.01   WAVE                                                                  04/07/2017 11:35:04 PAGE 2   

  56   1              _nop_();
  57   1              _nop_();
  58   1              i = 30;
  59   1              while (--i);
  60   1      }


MODULE INFORMATION:   STATIC OVERLAYABLE
   CODE SIZE        =    125    ----
   CONSTANT SIZE    =   ----    ----
   XDATA SIZE       =   ----    ----
   PDATA SIZE       =   ----    ----
   DATA SIZE        =   ----       4
   IDATA SIZE       =   ----    ----
   BIT SIZE         =   ----    ----
END OF MODULE INFORMATION.


C51 COMPILATION COMPLETE.  0 WARNING(S),  0 ERROR(S)
