C51 COMPILER V9.01   DISPLAY                                                               02/05/2017 20:31:00 PAGE 1   


C51 COMPILER V9.01, COMPILATION OF MODULE DISPLAY
OBJECT MODULE PLACED IN display.OBJ
COMPILER INVOKED BY: E:\keil4-C51\C51\BIN\C51.EXE display.c BROWSE DEBUG OBJECTEXTEND

line level    source

   1          #include <config.h>
   2          #include <display.h>
   3          
   4          
   5          code uchar table[] = {0xc0,0xf9,0xa4,0xb0,
   6                                                   0x99,0x92,0x82,0xf8,
   7                                                   0x80,0x90,0x88,0x83,
   8                                                   0xc6,0xa1,0x86,0x8e,
   9                                                   0x40,0x79,0x24,0x30,
  10                                                   0x19,0x12,0x02,0x78,
  11                                                   0x00,0x10,0x08,0x03,
  12                                                   0x46,0x21,0x06,0x0e,
  13                                                   0xff,0xbf};
  14          uchar dspbuf[] = {32, 32, 32, 32, 32, 32, 32, 0};
  15          uchar dspcom = 0;
  16          
  17          /*/////////////////////////////////////////////
  18          函数名：        display
  19          输入值：        无
  20          返回值：        无
  21          备注  ：        动态显示函数，2ms运行一次最为稳定
  22          **********************************************/
  23          void display(void){
  24   1              P0 = 0x00;
  25   1              setY6();
  26   1              P0 = table[dspbuf[dspcom]];
  27   1              setY7();
  28   1              P0 = (1<<dspcom);
  29   1              setY6();
  30   1      
  31   1              dspcom++;
  32   1              if(dspcom == 8){
  33   2                      dspcom = 0;
  34   2              }               
  35   1      }
  36          
  37          
  38          
  39          void setup(uchar number){
  40   1              dspbuf[0] =     number /10 %10;
  41   1              dspbuf[1] = number %10;
  42   1      }
  43          
  44          void setdown(uchar number){
  45   1              dspbuf[2] =     number /10 %10;
  46   1              dspbuf[3] = number %10;
  47   1      }
  48          
  49          void settemp(uchar number){
  50   1              dspbuf[6] =     number /10 %10;
  51   1              dspbuf[7] = number %10;
  52   1      }


MODULE INFORMATION:   STATIC OVERLAYABLE
C51 COMPILER V9.01   DISPLAY                                                               02/05/2017 20:31:00 PAGE 2   

   CODE SIZE        =    137    ----
   CONSTANT SIZE    =     34    ----
   XDATA SIZE       =   ----    ----
   PDATA SIZE       =   ----    ----
   DATA SIZE        =      9    ----
   IDATA SIZE       =   ----    ----
   BIT SIZE         =   ----    ----
END OF MODULE INFORMATION.


C51 COMPILATION COMPLETE.  0 WARNING(S),  0 ERROR(S)
