C51 COMPILER V9.01   KEY                                                                   02/05/2017 20:30:59 PAGE 1   


C51 COMPILER V9.01, COMPILATION OF MODULE KEY
OBJECT MODULE PLACED IN key.OBJ
COMPILER INVOKED BY: E:\keil4-C51\C51\BIN\C51.EXE key.c BROWSE DEBUG OBJECTEXTEND

line level    source

   1          #include <config.h>
   2          #include <key.h>
   3          
   4          uchar keyValue = 0xff;
   5          uchar keyPress = 0;
   6          uchar key_re = 0;
   7          
   8          uchar scanKey(){
   9   1              if(!key_re)
  10   1              {
  11   2                      if(P30 == 0 || P31 == 0 || P32 == 0 || P33 == 0){
  12   3                              keyPress++;
  13   3                      }else{
  14   3                              keyPress = 0;
  15   3                      }
  16   2                      if(keyPress == 3){
  17   3                              keyPress = 0;
  18   3                              key_re = 1;
  19   3                              
  20   3                              if(P30 == 0)    keyValue = 1;
  21   3                              if(P31 == 0)    keyValue = 2;
  22   3                              if(P32 == 0)    keyValue = 3;
  23   3                              if(P33 == 0)    keyValue = 4;
  24   3                      return keyValue;                        
  25   3                      }
  26   2          }else if(key_re == 1 &&     (P3 & 0x0f) == 0x0f)
  27   1          {
  28   2              key_re = 0;
  29   2      
  30   2          }
  31   1      
  32   1              return 0xff;
  33   1      }


MODULE INFORMATION:   STATIC OVERLAYABLE
   CODE SIZE        =     80    ----
   CONSTANT SIZE    =   ----    ----
   XDATA SIZE       =   ----    ----
   PDATA SIZE       =   ----    ----
   DATA SIZE        =      3    ----
   IDATA SIZE       =   ----    ----
   BIT SIZE         =   ----    ----
END OF MODULE INFORMATION.


C51 COMPILATION COMPLETE.  0 WARNING(S),  0 ERROR(S)
