C51 COMPILER V9.01   MAIN                                                                  01/10/2017 17:10:37 PAGE 1   


C51 COMPILER V9.01, COMPILATION OF MODULE MAIN
OBJECT MODULE PLACED IN main.OBJ
COMPILER INVOKED BY: C:\Keil\C51\BIN\C51.EXE main.c BROWSE DEBUG OBJECTEXTEND

line level    source

   1          #include <STC15F2K60S2.H>
   2          #include <intrins.h>
   3          #define uchar unsigned char 
   4          #define uint unsigned int 
   5          #define u32 unsigned long int
   6          
   7          #include <gpio.h>
   8          #include <dsp.h>
   9          
  10          
  11          #include <ds18b20.h>
  12          #include <ds1302.h>
  13          
  14          uchar time_keyFlag = 0;
  15          uchar time_keyCnt = 0;
  16          uchar time_ds18b20Flag = 0;
  17          uchar time_ds18b20Cnt = 0;
  18          uchar time_ds1302Flag = 0;
  19          uchar time_ds1302Cnt = 0;
  20          uchar time_SecCnt = 0;
  21          
  22          
  23          uchar stat = 0;
  24          uchar stat0_setSecNum[4] = {1, 5, 30, 60};
  25          uchar stat0_setSecNumCount = 0;
  26          
  27          
  28          uchar stat1_ds18b20Num[10] = {0};
  29          uchar stat1_ds18b20NumCount = 0;
  30          uchar stat1_setSecNumMax[4] = {2, 10, 60, 120};
  31          
  32          
  33          uchar stat2_Cnt = 0;
  34          
  35          #include <key.h>
  36          
  37          void Timer0Init(void)           //2毫秒@12.000MHz
  38          {
  39   1              AUXR |= 0x80;           //定时器时钟1T模式
  40   1              TMOD &= 0xF0;           //设置定时器模式
  41   1              TL0 = 0x40;             //设置定时初值
  42   1              TH0 = 0xA2;             //设置定时初值
  43   1              TF0 = 0;                //清除TF0标志
  44   1              TR0 = 1;                //定时器0开始计时
  45   1      }
  46          
  47          
  48          
  49          void main(){
  50   1              initGpio();
  51   1              P0 = 0xff;setY4;
  52   1              P0 = 0x00;setY5;
  53   1      
  54   1              Timer0Init();
  55   1              ET0 = 1;
C51 COMPILER V9.01   MAIN                                                                  01/10/2017 17:10:37 PAGE 2   

  56   1              EA = 1; 
  57   1      
  58   1              set_rtc();
  59   1              while(1){
  60   2                      if(time_keyFlag == 1){
  61   3                              time_keyFlag = 0;
  62   3                              scanKey();
  63   3                      }
  64   2      
  65   2                      if(time_ds1302Flag == 1){
  66   3                              time_ds1302Flag = 0;
  67   3                              read_rtc();     
  68   3                              setDsp2(time_data[4], time_data[5], time_data[6]);                                              
  69   3                      }
  70   2                      if(stat == 1){
  71   3                              if(time_ds18b20Flag == 1){
  72   4                                      time_ds18b20Flag = 0;
  73   4                                      time_SecCnt++;
  74   4                                      if(time_SecCnt == stat1_setSecNumMax[stat0_setSecNumCount]){
  75   5                                              time_SecCnt = 0;
  76   5                                              readTemp();                                     
  77   5                                              stat1_ds18b20Num[stat1_ds18b20NumCount] = theTemp;
  78   5                                              stat1_ds18b20NumCount++;
  79   5                                              if(stat1_ds18b20NumCount == 10){
  80   6                                                      stat1_ds18b20NumCount = 0;
  81   6                                                      stat = 2;
  82   6                                                      setLed(0, 1);
  83   6                                              }                                        
  84   5                                      }
  85   4                              }
  86   3                      }
  87   2      
  88   2                      switch(stat){
  89   3                              case 0:
  90   3                                      setDsp1(stat0_setSecNum[stat0_setSecNumCount]);
  91   3                                      break;
  92   3                              case 1: 
  93   3                                      setDsp2(time_data[4], time_data[5], time_data[6]);                              
  94   3                                      break;
  95   3                              case 2:
  96   3                                      setDsp3(stat2_Cnt+1, stat1_ds18b20Num[stat2_Cnt]);
  97   3                                      break;
  98   3                      };      
  99   2              }
 100   1      }
 101          
 102          void timer0() interrupt 1{
 103   1              display();
 104   1              time_keyCnt++;
 105   1              if(time_keyCnt == 5){
 106   2                      time_keyCnt = 0;
 107   2                      time_keyFlag = 1;       
 108   2              }
 109   1      
 110   1              if(stat == 1){
 111   2                      time_ds1302Cnt++;
 112   2                      if(time_ds1302Cnt == 50){
 113   3                              time_ds18b20Cnt = 0;
 114   3                              time_ds1302Flag = 1;
 115   3                              setDsp2(time_data[4], time_data[5], time_data[6]);      
 116   3                      }
 117   2              }
C51 COMPILER V9.01   MAIN                                                                  01/10/2017 17:10:37 PAGE 3   

 118   1              if(stat == 1){
 119   2                      time_ds18b20Cnt++;
 120   2                      if(time_ds18b20Cnt == 250){
 121   3                              time_ds18b20Cnt = 0;                    
 122   3                              time_ds18b20Flag = 1;
 123   3                      }
 124   2              }
 125   1      }


MODULE INFORMATION:   STATIC OVERLAYABLE
   CODE SIZE        =   1571    ----
   CONSTANT SIZE    =     34    ----
   XDATA SIZE       =   ----    ----
   PDATA SIZE       =   ----    ----
   DATA SIZE        =     57      10
   IDATA SIZE       =   ----    ----
   BIT SIZE         =   ----       1
END OF MODULE INFORMATION.


C51 COMPILATION COMPLETE.  0 WARNING(S),  0 ERROR(S)
