C51 COMPILER V9.00   STC15_USART                                                           06/22/2017 19:14:58 PAGE 1   


C51 COMPILER V9.00, COMPILATION OF MODULE STC15_USART
OBJECT MODULE PLACED IN stc15_usart.OBJ
COMPILER INVOKED BY: D:\keil4\C51\BIN\C51.EXE stc15_usart.c BROWSE DEBUG OBJECTEXTEND

line level    source

   1          #include <config.h>
   2          
   3          void revData(char a);
   4          extern bit Send_ed;
   5          
   6          
   7          
   8          void UartInit(void)             //9600bps@11.0592MHz
   9          {
  10   1              SCON = 0x50;            //8位数据,可变波特率
  11   1              AUXR &= 0xBF;           //定时器1时钟为Fosc/12,即12T
  12   1              AUXR &= 0xFE;           //串口1选择定时器1为波特率发生器
  13   1              TMOD &= 0x0F;           //设定定时器1为16位自动重装方式
  14   1              TL1 = 0xE8;             //设定定时初值
  15   1              TH1 = 0xFF;             //设定定时初值
  16   1              ET1 = 0;                //禁止定时器1中断
  17   1              TR1 = 1;                //启动定时器1
  18   1      }
  19          char SendData(char dat){
  20   1              if(Send_ed == 1){
  21   2                      Send_ed = 0;
  22   2                      SBUF = dat;     
  23   2                      return 1;       
  24   2              }
  25   1              return 0;
  26   1      }
  27          
  28          void ser() interrupt 4{
  29   1              char a;
  30   1              if(TI){
  31   2                      TI = 0;
  32   2                      Send_ed = 1;
  33   2              }
  34   1              if(RI){
  35   2                      RI = 0;
  36   2                      a = SBUF;
  37   2                      revData(a);
  38   2              }
  39   1      }


MODULE INFORMATION:   STATIC OVERLAYABLE
   CODE SIZE        =    109    ----
   CONSTANT SIZE    =   ----    ----
   XDATA SIZE       =   ----    ----
   PDATA SIZE       =   ----    ----
   DATA SIZE        =   ----    ----
   IDATA SIZE       =   ----    ----
   BIT SIZE         =   ----    ----
END OF MODULE INFORMATION.


C51 COMPILATION COMPLETE.  0 WARNING(S),  0 ERROR(S)
